Build started 7/28/2013 12:44:13 PM.
     1>Project "C:\Users\DonBot\workspace - C++\AI fights\AI fights\AI fights.vcxproj" on node 2 (Build target(s)).
     1>ClCompile:
         C:\Program Files (x86)\Microsoft Visual Studio 11.0\VC\bin\CL.exe /c /Zi /nologo /W3 /WX- /sdl /O2 /Oi /Oy- /GL /D WIN32 /D NDEBUG /D _CONSOLE /D _UNICODE /D UNICODE /Gm- /EHsc /MD /GS /Gy /fp:precise /Zc:wchar_t /Zc:forScope /Yc"stdafx.h" /Fp"Release\AI fights.pch" /Fo"Release\\" /Fd"Release\vc110.pdb" /Gd /TP /analyze- /errorReport:prompt "Source Files\stdafx.cpp"
         stdafx.cpp
         C:\Program Files (x86)\Microsoft Visual Studio 11.0\VC\bin\CL.exe /c /Zi /nologo /W3 /WX- /sdl /O2 /Oi /Oy- /GL /D WIN32 /D NDEBUG /D _CONSOLE /D _UNICODE /D UNICODE /Gm- /EHsc /MD /GS /Gy /fp:precise /Zc:wchar_t /Zc:forScope /Yu"stdafx.h" /Fp"Release\AI fights.pch" /Fo"Release\\" /Fd"Release\vc110.pdb" /Gd /TP /analyze- /errorReport:prompt "Source Files\1 Main.cpp" "Source Files\CAI_Bot.cpp" "Source Files\CBot.cpp" "Source Files\CPhysics.cpp" "Source Files\CUserControlled_Bot.cpp" "Source Files\CGame.cpp" "Source Files\CResourceDirectories.cpp" "Source Files\CSprite.cpp" "Source Files\CTimer.cpp" "Source Files\CWindow.cpp" "Source Files\Math2D.cpp"
         1 Main.cpp
         CAI_Bot.cpp
     1>Source Files\CAI_Bot.cpp(7): warning C4244: 'initializing' : conversion from 'int' to 'float', possible loss of data
     1>Source Files\CAI_Bot.cpp(8): warning C4244: 'initializing' : conversion from 'int' to 'float', possible loss of data
         CBot.cpp
     1>Source Files\CBot.cpp(48): warning C4244: 'argument' : conversion from 'float' to 'int', possible loss of data
         CPhysics.cpp
         CUserControlled_Bot.cpp
     1>Source Files\CUserControlled_Bot.cpp(121): warning C4244: 'argument' : conversion from 'int' to 'float', possible loss of data
     1>Source Files\CUserControlled_Bot.cpp(143): warning C4244: 'argument' : conversion from 'int' to 'float', possible loss of data
         CGame.cpp
         CResourceDirectories.cpp
         CSprite.cpp
     1>Source Files\CSprite.cpp(183): warning C4800: 'int' : forcing value to bool 'true' or 'false' (performance warning)
         CTimer.cpp
         CWindow.cpp
     1>Source Files\CWindow.cpp(68): warning C4800: 'SDL_bool' : forcing value to bool 'true' or 'false' (performance warning)
     1>Source Files\CWindow.cpp(75): warning C4800: 'SDL_bool' : forcing value to bool 'true' or 'false' (performance warning)
         Math2D.cpp
       Link:
         C:\Program Files (x86)\Microsoft Visual Studio 11.0\VC\bin\link.exe /ERRORREPORT:PROMPT /OUT:"C:\Users\DonBot\workspace - C++\AI fights\Release\AI fights.exe" /INCREMENTAL:NO /NOLOGO SDL2.lib SDL2main.lib SDL2_image.lib /MANIFEST /MANIFESTUAC:"level='asInvoker' uiAccess='false'" /manifest:embed /DEBUG /PDB:"C:\Users\DonBot\workspace - C++\AI fights\Release\AI fights.pdb" /SUBSYSTEM:CONSOLE /OPT:REF /OPT:ICF /LTCG /TLBID:1 /DYNAMICBASE /NXCOMPAT /IMPLIB:"C:\Users\DonBot\workspace - C++\AI fights\Release\AI fights.lib" /MACHINE:X86 /SAFESEH "Release\1 Main.obj"
         Release\CAI_Bot.obj
         Release\CBot.obj
         Release\CPhysics.obj
         Release\CUserControlled_Bot.obj
         Release\CGame.obj
         Release\CResourceDirectories.obj
         Release\CSprite.obj
         Release\CTimer.obj
         Release\CWindow.obj
         Release\Math2D.obj
         Release\stdafx.obj
         Generating code
         Finished generating code
         AI fights.vcxproj -> C:\Users\DonBot\workspace - C++\AI fights\Release\AI fights.exe
     1>Done Building Project "C:\Users\DonBot\workspace - C++\AI fights\AI fights\AI fights.vcxproj" (Build target(s)).

Build succeeded.

Time Elapsed 00:00:01.24
