C:\USERS\DONBOT\WORKSPACE - C++\AI FIGHTS\AI FIGHTS\DEBUG\AI FIGHTS.PCH
C:\USERS\DONBOT\WORKSPACE - C++\AI FIGHTS\AI FIGHTS\DEBUG\STDAFX.OBJ
C:\USERS\DONBOT\WORKSPACE - C++\AI FIGHTS\AI FIGHTS\DEBUG\VC110.PDB
C:\USERS\DONBOT\WORKSPACE - C++\AI FIGHTS\AI FIGHTS\DEBUG\1 MAIN.OBJ
C:\USERS\DONBOT\WORKSPACE - C++\AI FIGHTS\AI FIGHTS\DEBUG\CGAME.OBJ
C:\USERS\DONBOT\WORKSPACE - C++\AI FIGHTS\AI FIGHTS\DEBUG\CRESOURCEDIRECTORIES.OBJ
C:\USERS\DONBOT\WORKSPACE - C++\AI FIGHTS\AI FIGHTS\DEBUG\CTEXTURE.OBJ
C:\USERS\DONBOT\WORKSPACE - C++\AI FIGHTS\AI FIGHTS\DEBUG\CWINDOW.OBJ
C:\USERS\DONBOT\WORKSPACE - C++\AI FIGHTS\DEBUG\AI FIGHTS.ILK
C:\USERS\DONBOT\WORKSPACE - C++\AI FIGHTS\DEBUG\AI FIGHTS.EXE
C:\USERS\DONBOT\WORKSPACE - C++\AI FIGHTS\DEBUG\AI FIGHTS.PDB
C:\Users\DonBot\workspace - C++\AI fights\AI fights\Debug\1 Main.obj
C:\Users\DonBot\workspace - C++\AI fights\AI fights\Debug\CGame.obj
C:\Users\DonBot\workspace - C++\AI fights\AI fights\Debug\CResourceDirectories.obj
C:\Users\DonBot\workspace - C++\AI fights\AI fights\Debug\CTexture.obj
C:\Users\DonBot\workspace - C++\AI fights\AI fights\Debug\CWindow.obj
C:\Users\DonBot\workspace - C++\AI fights\AI fights\Debug\stdafx.obj
C:\Users\DonBot\workspace - C++\AI fights\AI fights\Debug\cl.command.1.tlog
C:\Users\DonBot\workspace - C++\AI fights\AI fights\Debug\CL.read.1.tlog
C:\Users\DonBot\workspace - C++\AI fights\AI fights\Debug\CL.write.1.tlog
C:\Users\DonBot\workspace - C++\AI fights\AI fights\Debug\link-cvtres.read.1.tlog
C:\Users\DonBot\workspace - C++\AI fights\AI fights\Debug\link-cvtres.write.1.tlog
C:\Users\DonBot\workspace - C++\AI fights\AI fights\Debug\link-rc.read.1.tlog
C:\Users\DonBot\workspace - C++\AI fights\AI fights\Debug\link-rc.write.1.tlog
C:\Users\DonBot\workspace - C++\AI fights\AI fights\Debug\link.command.1.tlog
C:\Users\DonBot\workspace - C++\AI fights\AI fights\Debug\link.read.1.tlog
C:\Users\DonBot\workspace - C++\AI fights\AI fights\Debug\link.write.1.tlog
C:\Users\DonBot\workspace - C++\AI fights\AI fights\Debug\AI fights.pch
C:\Users\DonBot\workspace - C++\AI fights\AI fights\Debug\vc110.idb
C:\Users\DonBot\workspace - C++\AI fights\AI fights\Debug\vc110.pdb
C:\Users\DonBot\workspace - C++\AI fights\Debug\AI fights.pdb
C:\Users\DonBot\workspace - C++\AI fights\Debug\AI fights.exe
C:\Users\DonBot\workspace - C++\AI fights\Debug\AI fights.ilk
