Build started 8/7/2013 3:18:18 PM.
     1>Project "C:\Users\DonBot\workspace - C++\AI fights\AI fights\AI fights.vcxproj" on node 2 (Build target(s)).
     1>ClCompile:
         C:\Program Files (x86)\Microsoft Visual Studio 11.0\VC\bin\CL.exe /c /ZI /nologo /W3 /WX- /sdl /Od /Oy- /D WIN32 /D DEBUG /D _CONSOLE /D _UNICODE /D UNICODE /Gm /EHsc /RTC1 /MDd /GS /fp:precise /Zc:wchar_t /Zc:forScope /Yu"stdafx.h" /Fp"Debug\AI fights.pch" /Fo"Debug\\" /Fd"Debug\vc110.pdb" /Gd /TP /analyze- /errorReport:prompt "Source Files\CRoom_2x1.cpp"
         CRoom_2x1.cpp
     1>c:\users\donbot\workspace - c++\ai fights\ai fights\source files\croom_2x1.cpp(71): warning C4018: '<' : signed/unsigned mismatch
     1>c:\users\donbot\workspace - c++\ai fights\ai fights\source files\croom_2x1.cpp(227): warning C4018: '<' : signed/unsigned mismatch
     1>c:\users\donbot\workspace - c++\ai fights\ai fights\source files\croom_2x1.cpp(321): warning C4018: '<' : signed/unsigned mismatch
       Link:
         C:\Program Files (x86)\Microsoft Visual Studio 11.0\VC\bin\link.exe /ERRORREPORT:PROMPT /OUT:"C:\Users\DonBot\workspace - C++\AI fights\Debug\AI fights.exe" /INCREMENTAL /NOLOGO SDL2.lib SDL2main.lib SDL2_image.lib SDL2_mixer.lib /MANIFEST /MANIFESTUAC:"level='asInvoker' uiAccess='false'" /manifest:embed /DEBUG /PDB:"C:\Users\DonBot\workspace - C++\AI fights\Debug\AI fights.pdb" /SUBSYSTEM:CONSOLE /TLBID:1 /DYNAMICBASE /NXCOMPAT /IMPLIB:"C:\Users\DonBot\workspace - C++\AI fights\Debug\AI fights.lib" /MACHINE:X86 "Debug\1 Main.obj"
         Debug\CAI.obj
         Debug\CGenerator.obj
         Debug\CGenerator_AI.obj
         Debug\CMap.obj
         Debug\CMusic.obj
         Debug\CPhysics.obj
         Debug\CRoom.obj
         Debug\CGenerator_Room.obj
         Debug\CRoom_1x1.obj
         Debug\CRoom_1x2.obj
         Debug\CRoom_2x1.obj
         Debug\CRoom_2x2.obj
         Debug\CUpdatable.obj
         Debug\CGame.obj
         Debug\CResourceDirectories.obj
         Debug\CSprite.obj
         Debug\CTimer.obj
         Debug\CWindow.obj
         Debug\Math2D.obj
         Debug\stdafx.obj
         AI fights.vcxproj -> C:\Users\DonBot\workspace - C++\AI fights\Debug\AI fights.exe
     1>Done Building Project "C:\Users\DonBot\workspace - C++\AI fights\AI fights\AI fights.vcxproj" (Build target(s)).

Build succeeded.

Time Elapsed 00:00:00.28
